{
    "FunctionName": "hello-cli",
    "FunctionArn": "arn:aws:lambda:us-east-1:795473997661:function:hello-cli:3",
    "Runtime": "nodejs14.x",
    "Role": "arn:aws:iam::795473997661:role/lambda-example",
    "Handler": "index.handler",
    "CodeSize": 323,
    "Description": "",
    "Timeout": 3,
    "MemorySize": 128,
    "LastModified": "2021-11-22T03:27:57.000+0000",
    "CodeSha256": "RCelvOZB2P0GhxddkHGzLp1bdIe7TphMFLwa/mTrOBE=",
    "Version": "3",
    "TracingConfig": {
        "Mode": "PassThrough"
    },
    "RevisionId": "5e2253b8-43ab-44f0-88c9-f4793fd9109f",
    "State": "Active",
    "LastUpdateStatus": "Successful",
    "PackageType": "Zip",
    "Architectures": [
        "x86_64"
    ]
}
